<?xml version="1.0" encoding="UTF-8"?>
<!-- Generated by org.testng.reporters.JUnitReportReporter -->
<testsuite hostname="MACPK-WKS-0132" failures="0" tests="4" name="Products.GetAllProducts1" time="11.839" errors="0" timestamp="2020-03-25T13:29:56 PKT" skipped="0">
  <testcase classname="Products.GetAllProducts1" name="GetAllProducts" time="2.966"/>
  <testcase classname="Products.GetAllProducts1" name="GetProductByXID" time="3.055"/>
  <testcase classname="Products.GetAllProducts1" name="DeleteProduct" time="3.235"/>
  <testcase classname="Products.GetAllProducts1" name="GetAllProductsAfterDeletion" time="2.583"/>
</testsuite> <!-- Products.GetAllProducts1 -->
