<?xml version="1.0" encoding="UTF-8"?>
<!-- Generated by org.testng.reporters.JUnitReportReporter -->
<testsuite hostname="MACPK-WKS-0132" failures="0" tests="1" name="com.qa.rest.tests.Demo1" time="2.444" errors="0" timestamp="2020-02-15T22:47:52 PKT" skipped="0">
  <testcase classname="com.qa.rest.tests.Demo1" name="getWeatherDetailsWithCorrectCityNameTest" time="2.444"/>
</testsuite> <!-- com.qa.rest.tests.Demo1 -->
