<?xml version="1.0" encoding="UTF-8"?>
<!-- Generated by org.testng.reporters.JUnitReportReporter -->
<testsuite skipped="0" hostname="MACPK-WKS-0132" name="Videos.VideosAPIs" tests="10" failures="0" timestamp="2020-08-23T14:44:09 PKT" time="28.381" errors="0">
  <testcase name="GetAllVideoBeforePosting" time="1.900" classname="Videos.VideosAPIs"/>
  <system-out/>
  <testcase name="PostVideo" time="6.830" classname="Videos.VideosAPIs"/>
  <system-out/>
  <testcase name="GetAllVideoAfterPostingNewVideo" time="1.590" classname="Videos.VideosAPIs"/>
  <system-out/>
  <testcase name="GetVideoByID" time="2.759" classname="Videos.VideosAPIs"/>
  <system-out/>
  <testcase name="GetProIDAssociatedByVideo" time="5.559" classname="Videos.VideosAPIs"/>
  <system-out/>
  <testcase name="RemoveProductFromAVideo" time="1.501" classname="Videos.VideosAPIs"/>
  <system-out/>
  <testcase name="GetVideoTypes" time="1.462" classname="Videos.VideosAPIs"/>
  <system-out/>
  <testcase name="DeleteVideo" time="1.530" classname="Videos.VideosAPIs"/>
  <system-out/>
  <testcase name="GetDeletedVideo" time="2.261" classname="Videos.VideosAPIs"/>
  <system-out/>
  <testcase name="GetAllVideoAfterDeletion" time="2.989" classname="Videos.VideosAPIs"/>
  <system-out/>
</testsuite> <!-- Videos.VideosAPIs -->
