<?xml version="1.0" encoding="UTF-8"?>
<!-- Generated by org.testng.reporters.JUnitReportReporter -->
<testsuite hostname="MACPK-WKS-0132" failures="0" tests="2" name="Videos.GetAllVideo" time="20.768" errors="0" timestamp="2020-04-02T12:53:44 PKT" skipped="0">
  <testcase classname="Videos.GetAllVideo" name="TokenGeneration" time="16.113"/>
  <testcase classname="Videos.GetAllVideo" name="PostVideo" time="4.655"/>
</testsuite> <!-- Videos.GetAllVideo -->
