<?xml version="1.0" encoding="UTF-8"?>
<!-- Generated by org.testng.reporters.JUnitReportReporter -->
<testsuite skipped="0" hostname="MACPK-WKS-0132" name="Products.ProductOperationsJSON" tests="10" failures="0" timestamp="2020-06-23T18:13:37 PKT" time="28.031" errors="0">
  <testcase name="GetAllProducts" time="5.004" classname="Products.ProductOperationsJSON"/>
  <system-out/>
  <testcase name="GetProductByXID" time="2.189" classname="Products.ProductOperationsJSON"/>
  <system-out/>
  <testcase name="DeleteProduct" time="2.680" classname="Products.ProductOperationsJSON"/>
  <system-out/>
  <testcase name="GetDeletedProduct" time="1.990" classname="Products.ProductOperationsJSON"/>
  <system-out/>
  <testcase name="GetAllProductsAfterDeletion" time="3.203" classname="Products.ProductOperationsJSON"/>
  <system-out/>
  <testcase name="PostProduct" time="2.862" classname="Products.ProductOperationsJSON"/>
  <system-out/>
  <testcase name="GetPostedProduct" time="1.973" classname="Products.ProductOperationsJSON"/>
  <system-out/>
  <testcase name="GetAllProductsAfterPosting" time="3.424" classname="Products.ProductOperationsJSON"/>
  <system-out/>
  <testcase name="InactiveProduct" time="2.574" classname="Products.ProductOperationsJSON"/>
  <system-out/>
  <testcase name="DeleteInactiveProduct" time="2.132" classname="Products.ProductOperationsJSON"/>
  <system-out/>
</testsuite> <!-- Products.ProductOperationsJSON -->
