<?xml version="1.0" encoding="UTF-8"?>
<!-- Generated by org.testng.reporters.JUnitReportReporter -->
<testsuite hostname="MACPK-WKS-0132" failures="0" tests="10" name="Videos.VideosAPIs" time="53.262" errors="0" timestamp="2021-01-19T18:20:15 PKT" skipped="0">
  <testcase classname="Videos.VideosAPIs" name="GetAllVideoBeforePosting" time="3.922"/>
  <system-out/>
  <testcase classname="Videos.VideosAPIs" name="PostVideo" time="4.275"/>
  <system-out/>
  <testcase classname="Videos.VideosAPIs" name="GetAllVideoAfterPostingNewVideo" time="1.809"/>
  <system-out/>
  <testcase classname="Videos.VideosAPIs" name="GetVideoByID" time="1.902"/>
  <system-out/>
  <testcase classname="Videos.VideosAPIs" name="GetProIDAssociatedByVideo" time="32.058"/>
  <system-out/>
  <testcase classname="Videos.VideosAPIs" name="RemoveProductFromAVideo" time="1.870"/>
  <system-out/>
  <testcase classname="Videos.VideosAPIs" name="GetVideoTypes" time="1.779"/>
  <system-out/>
  <testcase classname="Videos.VideosAPIs" name="DeleteVideo" time="2.187"/>
  <system-out/>
  <testcase classname="Videos.VideosAPIs" name="GetDeletedVideo" time="1.712"/>
  <system-out/>
  <testcase classname="Videos.VideosAPIs" name="GetAllVideoAfterDeletion" time="1.748"/>
  <system-out/>
</testsuite> <!-- Videos.VideosAPIs -->
