<?xml version="1.0" encoding="UTF-8"?>
<!-- Generated by org.testng.reporters.JUnitReportReporter -->
<testsuite hostname="MACPK-WKS-0132" failures="0" tests="2" name="com.qa.rest.tests.veloapi2" time="6.029" errors="0" timestamp="2020-02-13T23:49:25 PKT" skipped="0">
  <testcase classname="com.qa.rest.tests.veloapi2" name="TokenGeneration" time="3.739"/>
  <testcase classname="com.qa.rest.tests.veloapi2" name="PostVideo" time="2.290"/>
</testsuite> <!-- com.qa.rest.tests.veloapi2 -->
