<?xml version="1.0" encoding="UTF-8"?>
<!-- Generated by org.testng.reporters.JUnitReportReporter -->
<testsuite hostname="MACPK-WKS-0132" failures="0" tests="2" name="Products.ProductPost" time="10.758" errors="0" timestamp="2020-04-01T19:38:00 PKT" skipped="0">
  <testcase classname="Products.ProductPost" name="TokenGeneration" time="8.872"/>
  <testcase classname="Products.ProductPost" name="PostProduct" time="1.886"/>
</testsuite> <!-- Products.ProductPost -->
