<?xml version="1.0" encoding="UTF-8"?>
<!-- Generated by org.testng.reporters.JUnitReportReporter -->
<testsuite hostname="MACPK-WKS-0132" failures="0" tests="2" name="Videos.GetAllVideo2" time="5.611" errors="0" timestamp="2020-02-18T11:45:07 PKT" skipped="0">
  <testcase classname="Videos.GetAllVideo2" name="TokenGeneration" time="3.758"/>
  <testcase classname="Videos.GetAllVideo2" name="PostVideo" time="1.853"/>
</testsuite> <!-- Videos.GetAllVideo2 -->
