<?xml version="1.0" encoding="UTF-8"?>
<!-- Generated by org.testng.reporters.JUnitReportReporter -->
<testsuite hostname="MACPK-WKS-0132" failures="0" tests="2" name="Videos.VideosGet" time="5.442" errors="0" timestamp="2020-02-16T01:30:15 PKT" skipped="0">
  <testcase classname="Videos.VideosGet" name="TokenGeneration" time="3.740"/>
  <testcase classname="Videos.VideosGet" name="PostVideo" time="1.702"/>
</testsuite> <!-- Videos.VideosGet -->
