<?xml version="1.0" encoding="UTF-8"?>
<!-- Generated by org.testng.reporters.JUnitReportReporter -->
<testsuite hostname="MACPK-WKS-0132" failures="0" tests="1" name="Products.GetAllProducts" time="4.052" errors="0" timestamp="2020-06-03T19:34:46 PKT" skipped="0">
  <testcase classname="Products.GetAllProducts" name="PostVideo" time="4.052"/>
  <system-out/>
</testsuite> <!-- Products.GetAllProducts -->
