<?xml version="1.0" encoding="UTF-8"?>
<!-- Generated by org.testng.reporters.JUnitReportReporter -->
<testsuite hostname="MACPK-WKS-0132" failures="0" tests="1" name="com.qa.rest.tests.veloapi" time="3.998" errors="0" timestamp="2020-02-13T23:07:12 PKT" skipped="0">
  <testcase classname="com.qa.rest.tests.veloapi" name="PostVideo" time="3.998"/>
</testsuite> <!-- com.qa.rest.tests.veloapi -->
