<?xml version="1.0" encoding="UTF-8"?>
<!-- Generated by org.testng.reporters.JUnitReportReporter -->
<testsuite hostname="MACPK-WKS-0132" failures="0" tests="6" name="Videos.VeloApi" time="15.019" errors="0" timestamp="2020-03-25T13:51:56 PKT" skipped="0">
  <testcase classname="Videos.VeloApi" name="GetAllVideoBeforePosting" time="2.352"/>
  <testcase classname="Videos.VeloApi" name="PostVideo" time="3.648"/>
  <testcase classname="Videos.VeloApi" name="GetAllVideo" time="2.001"/>
  <testcase classname="Videos.VeloApi" name="GetVideoByID" time="2.918"/>
  <testcase classname="Videos.VeloApi" name="DeleteVideo" time="2.090"/>
  <testcase classname="Videos.VeloApi" name="GetVideoByID1" time="2.010"/>
</testsuite> <!-- Videos.VeloApi -->
