<?xml version="1.0" encoding="UTF-8"?>
<!-- Generated by org.testng.reporters.JUnitReportReporter -->
<testsuite hostname="MACPK-WKS-0132" failures="0" tests="1" name="com.qa.rest.tests.EmployeePut" time="3.342" errors="0" timestamp="2020-02-16T00:51:14 PKT" skipped="0">
  <testcase classname="com.qa.rest.tests.EmployeePut" name="TokenGeneration" time="3.342"/>
</testsuite> <!-- com.qa.rest.tests.EmployeePut -->
