<?xml version="1.0" encoding="UTF-8"?>
<!-- Generated by org.testng.reporters.JUnitReportReporter -->
<testsuite hostname="MACPK-WKS-0132" failures="0" tests="1" name="com.qa.rest.tests.PostCallWithJavaObjects" time="2.126" errors="0" timestamp="08 Aug 2019 08:39:27 GMT" skipped="0">
  <testcase classname="com.qa.rest.tests.PostCallWithJavaObjects" name="createCustomerTest" time="2.126"/>
</testsuite> <!-- com.qa.rest.tests.PostCallWithJavaObjects -->
