<?xml version="1.0" encoding="UTF-8"?>
<!-- Generated by org.testng.reporters.JUnitReportReporter -->
<testsuite hostname="MACPK-WKS-0132" failures="0" tests="1" name="com.qa.rest.tests.GetTests4" time="8.564" errors="0" timestamp="2020-02-15T22:55:07 PKT" skipped="0">
  <testcase classname="com.qa.rest.tests.GetTests4" name="getWeatherDetailsWithCorrectCityNameTest" time="8.564"/>
</testsuite> <!-- com.qa.rest.tests.GetTests4 -->
