<?xml version="1.0" encoding="UTF-8"?>
<!-- Generated by org.testng.reporters.JUnitReportReporter -->
<testsuite hostname="MACPK-WKS-0132" failures="0" tests="1" name="Videos.GetIDFromYOUTUBE3" time="2.604" errors="0" timestamp="2020-03-25T20:10:45 PKT" skipped="0">
  <testcase classname="Videos.GetIDFromYOUTUBE3" name="PostVideo" time="2.604"/>
</testsuite> <!-- Videos.GetIDFromYOUTUBE3 -->
