<?xml version="1.0" encoding="UTF-8"?>
<!-- Generated by org.testng.reporters.JUnitReportReporter -->
<testsuite hostname="MACPK-WKS-0132" failures="0" tests="1" name="com.qa.rest.tests.GetTests3" time="5.179" errors="0" timestamp="2020-02-14T15:44:04 PKT" skipped="0">
  <testcase classname="com.qa.rest.tests.GetTests3" name="getWeatherDetailsWithCorrectCityNameTest" time="5.179"/>
</testsuite> <!-- com.qa.rest.tests.GetTests3 -->
