<?xml version="1.0" encoding="UTF-8"?>
<!-- Generated by org.testng.reporters.JUnitReportReporter -->
<testsuite hostname="MACPK-WKS-0132" failures="0" tests="9" name="Products.ProductAPI" time="72.155" errors="0" timestamp="2020-10-23T22:26:16 PKT" skipped="0">
  <testcase classname="Products.ProductAPI" name="PostProduct" time="26.865"/>
  <system-out/>
  <testcase classname="Products.ProductAPI" name="GetPostedProduct" time="4.991"/>
  <system-out/>
  <testcase classname="Products.ProductAPI" name="DeleteProduct" time="5.596"/>
  <system-out/>
  <testcase classname="Products.ProductAPI" name="PostProductwithGreaterThanRequiredNameLength" time="6.247"/>
  <system-out/>
  <testcase classname="Products.ProductAPI" name="PostProductwithSpecialCharacterInNme" time="1.830"/>
  <system-out/>
  <testcase classname="Products.ProductAPI" name="GetAllProducts" time="20.177"/>
  <system-out/>
  <testcase classname="Products.ProductAPI" name="GetProductByXID" time="2.460"/>
  <system-out/>
  <testcase classname="Products.ProductAPI" name="DeleteExistingProduct" time="2.146"/>
  <system-out/>
  <testcase classname="Products.ProductAPI" name="GetDeletedProduct" time="1.843"/>
  <system-out/>
</testsuite> <!-- Products.ProductAPI -->
