<?xml version="1.0" encoding="UTF-8"?>
<!-- Generated by org.testng.reporters.JUnitReportReporter -->
<testsuite hostname="MACPK-WKS-0132" failures="0" tests="1" name="com.qa.rest.tests.AuthenticationTest" time="3.900" errors="0" timestamp="2020-02-16T00:25:03 PKT" skipped="0">
  <testcase classname="com.qa.rest.tests.AuthenticationTest" name="TokenGeneration" time="3.900"/>
</testsuite> <!-- com.qa.rest.tests.AuthenticationTest -->
