<?xml version="1.0" encoding="UTF-8"?>
<!-- Generated by org.testng.reporters.JUnitReportReporter -->
<testsuite hostname="MACPK-WKS-0132" failures="0" tests="2" name="com.qa.rest.tests.VideosGetBYID" time="7.847" errors="0" timestamp="2020-02-16T01:24:11 PKT" skipped="0">
  <testcase classname="com.qa.rest.tests.VideosGetBYID" name="TokenGeneration" time="3.868"/>
  <testcase classname="com.qa.rest.tests.VideosGetBYID" name="PostVideo" time="3.979"/>
</testsuite> <!-- com.qa.rest.tests.VideosGetBYID -->
