<?xml version="1.0" encoding="UTF-8"?>
<!-- Generated by org.testng.reporters.JUnitReportReporter -->
<testsuite hostname="MACPK-WKS-0132" failures="0" tests="2" name="com.qa.rest.tests.Demo5" time="6.040" errors="0" timestamp="2020-02-16T01:12:38 PKT" skipped="0">
  <testcase classname="com.qa.rest.tests.Demo5" name="TokenGeneration" time="3.780"/>
  <testcase classname="com.qa.rest.tests.Demo5" name="PostVideo" time="2.260"/>
</testsuite> <!-- com.qa.rest.tests.Demo5 -->
