<?xml version="1.0" encoding="UTF-8"?>
<!-- Generated by org.testng.reporters.JUnitReportReporter -->
<testsuite hostname="MACPK-WKS-0132" failures="0" tests="2" name="com.qa.rest.tests.WeatherGetTests" time="5.123" errors="0" timestamp="2020-02-14T13:05:34 PKT" skipped="0">
  <testcase classname="com.qa.rest.tests.WeatherGetTests" name="getWeatherDetailsWithInCorrectCityNameTest" time="0.637"/>
  <testcase classname="com.qa.rest.tests.WeatherGetTests" name="getWeatherDetailsWithCorrectCityNameTest" time="4.486"/>
</testsuite> <!-- com.qa.rest.tests.WeatherGetTests -->
