<?xml version="1.0" encoding="UTF-8"?>
<!-- Generated by org.testng.reporters.JUnitReportReporter -->
<testsuite hostname="MACPK-WKS-0132" failures="0" tests="9" name="Products.ProductAPI" time="63.296" errors="0" timestamp="2021-01-19T18:13:37 PKT" skipped="0">
  <testcase classname="Products.ProductAPI" name="PostProduct" time="22.463"/>
  <system-out/>
  <testcase classname="Products.ProductAPI" name="GetPostedProduct" time="5.506"/>
  <system-out/>
  <testcase classname="Products.ProductAPI" name="DeleteProduct" time="3.606"/>
  <system-out/>
  <testcase classname="Products.ProductAPI" name="PostProductwithGreaterThanRequiredNameLength" time="5.586"/>
  <system-out/>
  <testcase classname="Products.ProductAPI" name="PostProductwithSpecialCharacterInNme" time="1.885"/>
  <system-out/>
  <testcase classname="Products.ProductAPI" name="GetAllProducts" time="17.974"/>
  <system-out/>
  <testcase classname="Products.ProductAPI" name="GetProductByXID" time="2.383"/>
  <system-out/>
  <testcase classname="Products.ProductAPI" name="DeleteExistingProduct" time="2.053"/>
  <system-out/>
  <testcase classname="Products.ProductAPI" name="GetDeletedProduct" time="1.840"/>
  <system-out/>
</testsuite> <!-- Products.ProductAPI -->
