<?xml version="1.0" encoding="UTF-8"?>
<!-- Generated by org.testng.reporters.JUnitReportReporter -->
<testsuite skipped="0" hostname="MACPK-WKS-0132" name="Products.ProductOperations" tests="10" failures="0" timestamp="2020-08-11T17:14:03 PKT" time="26.537" errors="0">
  <testcase name="GetAllProducts" time="2.897" classname="Products.ProductOperations"/>
  <system-out/>
  <testcase name="GetProductByXID" time="2.682" classname="Products.ProductOperations"/>
  <system-out/>
  <testcase name="DeleteProduct" time="1.864" classname="Products.ProductOperations"/>
  <system-out/>
  <testcase name="GetDeletedProduct" time="1.492" classname="Products.ProductOperations"/>
  <system-out/>
  <testcase name="GetAllProductsAfterDeletion" time="2.771" classname="Products.ProductOperations"/>
  <system-out/>
  <testcase name="PostProduct" time="3.307" classname="Products.ProductOperations"/>
  <system-out/>
  <testcase name="GetPostedProduct" time="4.186" classname="Products.ProductOperations"/>
  <system-out/>
  <testcase name="GetAllProductsAfterPosting" time="3.746" classname="Products.ProductOperations"/>
  <system-out/>
  <testcase name="InactiveProduct" time="1.882" classname="Products.ProductOperations"/>
  <system-out/>
  <testcase name="DeleteInactiveProduct" time="1.710" classname="Products.ProductOperations"/>
  <system-out/>
</testsuite> <!-- Products.ProductOperations -->
