<?xml version="1.0" encoding="UTF-8"?>
<!-- Generated by org.testng.reporters.JUnitReportReporter -->
<testsuite hostname="MACPK-WKS-0132" failures="0" tests="2" name="com.qa.rest.tests.VideosGet" time="8.237" errors="0" timestamp="2020-02-16T01:14:54 PKT" skipped="0">
  <testcase classname="com.qa.rest.tests.VideosGet" name="TokenGeneration" time="6.552"/>
  <testcase classname="com.qa.rest.tests.VideosGet" name="PostVideo" time="1.685"/>
</testsuite> <!-- com.qa.rest.tests.VideosGet -->
