<?xml version="1.0" encoding="UTF-8"?>
<!-- Generated by org.testng.reporters.JUnitReportReporter -->
<testsuite hostname="MACPK-WKS-0132" failures="0" tests="2" name="com.qa.rest.tests.VideoUpdate" time="7.825" errors="0" timestamp="2020-02-16T01:26:27 PKT" skipped="0">
  <testcase classname="com.qa.rest.tests.VideoUpdate" name="TokenGeneration" time="5.022"/>
  <testcase classname="com.qa.rest.tests.VideoUpdate" name="PostVideo" time="2.803"/>
</testsuite> <!-- com.qa.rest.tests.VideoUpdate -->
