<?xml version="1.0" encoding="UTF-8"?>
<!-- Generated by org.testng.reporters.JUnitReportReporter -->
<testsuite hostname="MACPK-WKS-0132" failures="0" tests="2" name="com.qa.rest.tests.VideoPost" time="5.320" errors="0" timestamp="2020-02-16T01:16:15 PKT" skipped="0">
  <testcase classname="com.qa.rest.tests.VideoPost" name="TokenGeneration" time="3.628"/>
  <testcase classname="com.qa.rest.tests.VideoPost" name="PostVideo" time="1.692"/>
</testsuite> <!-- com.qa.rest.tests.VideoPost -->
