<?xml version="1.0" encoding="UTF-8"?>
<!-- Generated by org.testng.reporters.JUnitReportReporter -->
<testsuite hostname="MACPK-WKS-0132" failures="0" tests="1" name="com.qa.rest.tests.EmployeeGet" time="3.291" errors="0" timestamp="2020-02-16T00:46:06 PKT" skipped="0">
  <testcase classname="com.qa.rest.tests.EmployeeGet" name="TokenGeneration" time="3.291"/>
</testsuite> <!-- com.qa.rest.tests.EmployeeGet -->
