<?xml version="1.0" encoding="UTF-8"?>
<!-- Generated by org.testng.reporters.JUnitReportReporter -->
<testsuite hostname="MACPK-WKS-0132" failures="0" tests="1" name="com.qa.rest.tests.Demo3" time="2.579" errors="0" timestamp="2020-02-15T23:26:07 PKT" skipped="0">
  <testcase classname="com.qa.rest.tests.Demo3" name="GetAllVideo" time="2.579"/>
</testsuite> <!-- com.qa.rest.tests.Demo3 -->
