<?xml version="1.0" encoding="UTF-8"?>
<!-- Generated by org.testng.reporters.JUnitReportReporter -->
<testsuite hostname="MACPK-WKS-0132" failures="0" tests="1" name="com.qa.rest.tests.PostEmployee" time="2.355" errors="0" timestamp="2020-02-16T00:41:38 PKT" skipped="0">
  <testcase classname="com.qa.rest.tests.PostEmployee" name="TokenGeneration" time="2.355"/>
</testsuite> <!-- com.qa.rest.tests.PostEmployee -->
