<?xml version="1.0" encoding="UTF-8"?>
<!-- Generated by org.testng.reporters.JUnitReportReporter -->
<testsuite hostname="MACPK-WKS-0132" failures="0" tests="1" name="Videos.PostVideo" time="2.965" errors="0" timestamp="2020-02-18T11:07:47 PKT" skipped="0">
  <testcase classname="Videos.PostVideo" name="PostVideo" time="2.965"/>
</testsuite> <!-- Videos.PostVideo -->
