<?xml version="1.0" encoding="UTF-8"?>
<!-- Generated by org.testng.reporters.JUnitReportReporter -->
<testsuite hostname="MACPK-WKS-0132" failures="0" tests="9" name="Products.ProductAPI" time="89.475" errors="0" timestamp="2020-10-16T19:28:49 PKT" skipped="0">
  <testcase classname="Products.ProductAPI" name="PostProduct" time="25.924"/>
  <system-out/>
  <testcase classname="Products.ProductAPI" name="GetPostedProduct" time="5.220"/>
  <system-out/>
  <testcase classname="Products.ProductAPI" name="DeleteProduct" time="2.222"/>
  <system-out/>
  <testcase classname="Products.ProductAPI" name="PostProductwithGreaterThanRequiredNameLength" time="8.189"/>
  <system-out/>
  <testcase classname="Products.ProductAPI" name="PostProductwithSpecialCharacterInNme" time="23.024"/>
  <system-out/>
  <testcase classname="Products.ProductAPI" name="GetAllProducts" time="18.834"/>
  <system-out/>
  <testcase classname="Products.ProductAPI" name="GetProductByXID" time="2.245"/>
  <system-out/>
  <testcase classname="Products.ProductAPI" name="DeleteExistingProduct" time="2.040"/>
  <system-out/>
  <testcase classname="Products.ProductAPI" name="GetDeletedProduct" time="1.777"/>
  <system-out/>
</testsuite> <!-- Products.ProductAPI -->
