<?xml version="1.0" encoding="UTF-8"?>
<!-- Generated by org.testng.reporters.JUnitReportReporter -->
<testsuite hostname="MACPK-WKS-0132" failures="0" tests="1" name="com.qa.rest.tests.velospecial" time="8.137" errors="0" timestamp="2020-02-14T00:10:15 PKT" skipped="0">
  <testcase classname="com.qa.rest.tests.velospecial" name="PostVideo" time="8.137"/>
</testsuite> <!-- com.qa.rest.tests.velospecial -->
