<?xml version="1.0" encoding="UTF-8"?>
<!-- Generated by org.testng.reporters.JUnitReportReporter -->
<testsuite hostname="MACPK-WKS-0132" failures="0" tests="2" name="com.qa.rest.tests.veloapi3" time="14.576" errors="0" timestamp="2020-02-14T00:08:49 PKT" skipped="0">
  <testcase classname="com.qa.rest.tests.veloapi3" name="TokenGeneration" time="4.324"/>
  <testcase classname="com.qa.rest.tests.veloapi3" name="PostVideo" time="10.252"/>
</testsuite> <!-- com.qa.rest.tests.veloapi3 -->
