<?xml version="1.0" encoding="UTF-8"?>
<!-- Generated by org.testng.reporters.JUnitReportReporter -->
<testsuite hostname="MACPK-WKS-0132" failures="0" tests="1" name="com.qa.rest.tests.EmployeePost" time="9.144" errors="0" timestamp="2020-04-01T19:34:25 PKT" skipped="0">
  <testcase classname="com.qa.rest.tests.EmployeePost" name="TokenGeneration" time="9.144"/>
</testsuite> <!-- com.qa.rest.tests.EmployeePost -->
